<?xml version="1.0" encoding="UTF-8"?>
<!-- Generated by org.testng.reporters.JUnitReportReporter -->
<testsuite name="testcases.TC_001" tests="1" time="12.542" ignored="0" failures="0" timestamp="08 Mar 2021 11:05:44 GMT" skipped="0" hostname="HP" errors="0">
  <testcase name="tc001" time="12.542" classname="testcases.TC_001"/>
</testsuite> <!-- testcases.TC_001 -->
